2017-06-12 19:27:53,293 [Worker-2] INFO  c.g.t.t.d.PublishedGradleVersions - Gradle version information cache is up-to-date. Trying to read.
2017-06-12 19:28:35,253 [Worker-7] INFO  o.e.m.c.i.l.LifecycleMappingFactory - Using org.eclipse.m2e.jdt.JarLifecycleMapping lifecycle mapping for MavenProject: finalprojectB:URLValidatorInCorrect:1.0-SNAPSHOT @ C:\Users\Larry\Documents\Logan\Computer Science\CS362\CS362-Final-Project\PartB\URLValidatorInCorrect\pom.xml.
2017-06-12 19:28:35,889 [Worker-7] INFO  o.e.m.j.i.AbstractJavaProjectConfigurator - Adding source folder /URLValidatorInCorrect/src/main/java
2017-06-12 19:28:35,900 [Worker-7] INFO  o.e.m.j.i.AbstractJavaProjectConfigurator - Adding source folder /URLValidatorInCorrect/src/test/java
2017-06-12 19:28:36,806 [Worker-7] INFO  o.e.m.c.i.p.ProjectConfigurationManager - Imported and configured 1 project(s) in 2 sec
2017-06-12 19:28:37,842 [Worker-2] INFO  o.e.m.c.i.embedder.EclipseLogger - Using 'UTF-8' encoding to copy filtered resources.
2017-06-12 19:28:37,843 [Worker-2] INFO  o.e.m.c.i.embedder.EclipseLogger - skip non existing resourceDirectory C:\Users\Larry\Documents\Logan\Computer Science\CS362\CS362-Final-Project\PartB\URLValidatorInCorrect\src\main\resources
2017-06-12 19:28:37,846 [Worker-2] INFO  o.e.m.c.i.embedder.EclipseLogger - Using 'UTF-8' encoding to copy filtered resources.
2017-06-12 19:28:37,846 [Worker-2] INFO  o.e.m.c.i.embedder.EclipseLogger - skip non existing resourceDirectory C:\Users\Larry\Documents\Logan\Computer Science\CS362\CS362-Final-Project\PartB\URLValidatorInCorrect\src\test\resources
2017-06-12 19:28:43,250 [Worker-1] INFO  o.e.m.c.i.embedder.EclipseLogger - Using 'UTF-8' encoding to copy filtered resources.
2017-06-12 19:28:43,250 [Worker-1] INFO  o.e.m.c.i.embedder.EclipseLogger - skip non existing resourceDirectory C:\Users\Larry\Documents\Logan\Computer Science\CS362\CS362-Final-Project\PartB\URLValidatorInCorrect\src\main\resources
2017-06-12 19:28:43,252 [Worker-1] INFO  o.e.m.c.i.embedder.EclipseLogger - Using 'UTF-8' encoding to copy filtered resources.
2017-06-12 19:28:43,252 [Worker-1] INFO  o.e.m.c.i.embedder.EclipseLogger - skip non existing resourceDirectory C:\Users\Larry\Documents\Logan\Computer Science\CS362\CS362-Final-Project\PartB\URLValidatorInCorrect\src\test\resources
2017-06-12 19:28:48,401 [Worker-2] INFO  o.e.m.c.i.embedder.EclipseLogger - Using 'UTF-8' encoding to copy filtered resources.
2017-06-12 19:28:48,401 [Worker-2] INFO  o.e.m.c.i.embedder.EclipseLogger - skip non existing resourceDirectory C:\Users\Larry\Documents\Logan\Computer Science\CS362\CS362-Final-Project\PartB\URLValidatorInCorrect\src\main\resources
2017-06-12 19:28:48,402 [Worker-2] INFO  o.e.m.c.i.embedder.EclipseLogger - Using 'UTF-8' encoding to copy filtered resources.
2017-06-12 19:28:48,407 [Worker-2] INFO  o.e.m.c.i.embedder.EclipseLogger - skip non existing resourceDirectory C:\Users\Larry\Documents\Logan\Computer Science\CS362\CS362-Final-Project\PartB\URLValidatorInCorrect\src\test\resources
2017-06-12 19:30:44,846 [Worker-2] INFO  o.e.m.c.i.embedder.EclipseLogger - Using 'UTF-8' encoding to copy filtered resources.
2017-06-12 19:30:44,846 [Worker-2] INFO  o.e.m.c.i.embedder.EclipseLogger - skip non existing resourceDirectory C:\Users\Larry\Documents\Logan\Computer Science\CS362\CS362-Final-Project\PartB\URLValidatorInCorrect\src\main\resources
2017-06-12 19:30:44,847 [Worker-2] INFO  o.e.m.c.i.embedder.EclipseLogger - Using 'UTF-8' encoding to copy filtered resources.
2017-06-12 19:30:44,853 [Worker-2] INFO  o.e.m.c.i.embedder.EclipseLogger - skip non existing resourceDirectory C:\Users\Larry\Documents\Logan\Computer Science\CS362\CS362-Final-Project\PartB\URLValidatorInCorrect\src\test\resources
2017-06-12 19:33:40,902 [Worker-16] INFO  o.e.m.c.i.embedder.EclipseLogger - Using 'UTF-8' encoding to copy filtered resources.
2017-06-12 19:33:40,902 [Worker-16] INFO  o.e.m.c.i.embedder.EclipseLogger - skip non existing resourceDirectory C:\Users\Larry\Documents\Logan\Computer Science\CS362\CS362-Final-Project\PartB\URLValidatorInCorrect\src\main\resources
2017-06-12 19:33:40,908 [Worker-16] INFO  o.e.m.c.i.embedder.EclipseLogger - Using 'UTF-8' encoding to copy filtered resources.
2017-06-12 19:33:40,912 [Worker-16] INFO  o.e.m.c.i.embedder.EclipseLogger - skip non existing resourceDirectory C:\Users\Larry\Documents\Logan\Computer Science\CS362\CS362-Final-Project\PartB\URLValidatorInCorrect\src\test\resources
2017-06-12 19:33:45,293 [Worker-15] INFO  o.e.m.c.i.embedder.EclipseLogger - Using 'UTF-8' encoding to copy filtered resources.
2017-06-12 19:33:45,293 [Worker-15] INFO  o.e.m.c.i.embedder.EclipseLogger - skip non existing resourceDirectory C:\Users\Larry\Documents\Logan\Computer Science\CS362\CS362-Final-Project\PartB\URLValidatorInCorrect\src\main\resources
2017-06-12 19:33:45,294 [Worker-15] INFO  o.e.m.c.i.embedder.EclipseLogger - Using 'UTF-8' encoding to copy filtered resources.
2017-06-12 19:33:45,299 [Worker-15] INFO  o.e.m.c.i.embedder.EclipseLogger - skip non existing resourceDirectory C:\Users\Larry\Documents\Logan\Computer Science\CS362\CS362-Final-Project\PartB\URLValidatorInCorrect\src\test\resources
2017-06-12 19:49:20,302 [Worker-2] INFO  o.e.m.c.i.embedder.EclipseLogger - Using 'UTF-8' encoding to copy filtered resources.
2017-06-12 19:49:20,302 [Worker-2] INFO  o.e.m.c.i.embedder.EclipseLogger - skip non existing resourceDirectory C:\Users\Larry\Documents\Logan\Computer Science\CS362\CS362-Final-Project\PartB\URLValidatorInCorrect\src\main\resources
2017-06-12 19:49:20,307 [Worker-2] INFO  o.e.m.c.i.embedder.EclipseLogger - Using 'UTF-8' encoding to copy filtered resources.
2017-06-12 19:49:20,312 [Worker-2] INFO  o.e.m.c.i.embedder.EclipseLogger - skip non existing resourceDirectory C:\Users\Larry\Documents\Logan\Computer Science\CS362\CS362-Final-Project\PartB\URLValidatorInCorrect\src\test\resources
